  [1m[35m (21.0ms)[0m  [1m[34mSELECT sqlite_version(*)[0m
  [1m[35m (11.2ms)[0m  [1m[35mCREATE TABLE "schema_migrations" ("version" varchar NOT NULL PRIMARY KEY)[0m
  [1m[35m (5.2ms)[0m  [1m[35mCREATE TABLE "ar_internal_metadata" ("key" varchar NOT NULL PRIMARY KEY, "value" varchar, "created_at" datetime(6) NOT NULL, "updated_at" datetime(6) NOT NULL)[0m
  [1m[35m (0.5ms)[0m  [1m[34mSELECT "schema_migrations"."version" FROM "schema_migrations" ORDER BY "schema_migrations"."version" ASC[0m
Migrating to CreateQuizzes (20210502015726)
  [1m[36mTRANSACTION (0.1ms)[0m  [1m[36mbegin transaction[0m
  [1m[35m (1.4ms)[0m  [1m[35mCREATE TABLE "quizzes" ("id" integer PRIMARY KEY AUTOINCREMENT NOT NULL, "name" varchar, "created_at" datetime(6) NOT NULL, "updated_at" datetime(6) NOT NULL)[0m
  [1m[36mActiveRecord::SchemaMigration Create (0.3ms)[0m  [1m[32mINSERT INTO "schema_migrations" ("version") VALUES (?)[0m  [["version", "20210502015726"]]
  [1m[36mTRANSACTION (3.8ms)[0m  [1m[36mcommit transaction[0m
Migrating to CreateQuestions (20210502015847)
  [1m[36mTRANSACTION (0.1ms)[0m  [1m[36mbegin transaction[0m
  [1m[35m (2.6ms)[0m  [1m[35mCREATE TABLE "questions" ("id" integer PRIMARY KEY AUTOINCREMENT NOT NULL, "quiz_id" integer NOT NULL, "name" varchar, "question_type" integer, "required" boolean, "created_at" datetime(6) NOT NULL, "updated_at" datetime(6) NOT NULL, CONSTRAINT "fk_rails_8c4848c0c5"
FOREIGN KEY ("quiz_id")
  REFERENCES "quizzes" ("id")
)[0m
  [1m[35m (0.4ms)[0m  [1m[35mCREATE INDEX "index_questions_on_quiz_id" ON "questions" ("quiz_id")[0m
  [1m[36mActiveRecord::SchemaMigration Create (0.3ms)[0m  [1m[32mINSERT INTO "schema_migrations" ("version") VALUES (?)[0m  [["version", "20210502015847"]]
  [1m[36mTRANSACTION (3.6ms)[0m  [1m[36mcommit transaction[0m
Migrating to CreateAnswers (20210502015908)
  [1m[36mTRANSACTION (0.1ms)[0m  [1m[36mbegin transaction[0m
  [1m[35m (1.9ms)[0m  [1m[35mCREATE TABLE "answers" ("id" integer PRIMARY KEY AUTOINCREMENT NOT NULL, "question_id" integer NOT NULL, "name" varchar, "created_at" datetime(6) NOT NULL, "updated_at" datetime(6) NOT NULL, CONSTRAINT "fk_rails_3d5ed4418f"
FOREIGN KEY ("question_id")
  REFERENCES "questions" ("id")
)[0m
  [1m[35m (0.3ms)[0m  [1m[35mCREATE INDEX "index_answers_on_question_id" ON "answers" ("question_id")[0m
  [1m[36mActiveRecord::SchemaMigration Create (0.4ms)[0m  [1m[32mINSERT INTO "schema_migrations" ("version") VALUES (?)[0m  [["version", "20210502015908"]]
  [1m[36mTRANSACTION (3.2ms)[0m  [1m[36mcommit transaction[0m
  [1m[36mActiveRecord::InternalMetadata Load (0.6ms)[0m  [1m[34mSELECT "ar_internal_metadata".* FROM "ar_internal_metadata" WHERE "ar_internal_metadata"."key" = ? LIMIT ?[0m  [["key", "environment"], ["LIMIT", 1]]
  [1m[36mTRANSACTION (0.1ms)[0m  [1m[36mbegin transaction[0m
  [1m[36mActiveRecord::InternalMetadata Create (1.8ms)[0m  [1m[32mINSERT INTO "ar_internal_metadata" ("key", "value", "created_at", "updated_at") VALUES (?, ?, ?, ?)[0m  [["key", "environment"], ["value", "development"], ["created_at", "2022-05-02 17:04:18.000636"], ["updated_at", "2022-05-02 17:04:18.000636"]]
  [1m[36mTRANSACTION (3.2ms)[0m  [1m[36mcommit transaction[0m
  [1m[35m (0.1ms)[0m  [1m[34mSELECT sqlite_version(*)[0m
  [1m[35m (0.4ms)[0m  [1m[34mSELECT "schema_migrations"."version" FROM "schema_migrations" ORDER BY "schema_migrations"."version" ASC[0m
Started GET "/quizzes" for ::1 at 2022-05-02 18:05:43 +0100
  [1m[35m (0.9ms)[0m  [1m[34mSELECT sqlite_version(*)[0m
  [1m[35m (0.4ms)[0m  [1m[34mSELECT "schema_migrations"."version" FROM "schema_migrations" ORDER BY "schema_migrations"."version" ASC[0m
Processing by QuizzesController#index as HTML
  Rendering layout layouts/application.html.erb
  Rendering quizzes/index.html.erb within layouts/application
  [1m[36mQuiz Load (0.5ms)[0m  [1m[34mSELECT "quizzes".* FROM "quizzes"[0m
  ↳ app/views/quizzes/index.html.erb:14
  Rendered quizzes/index.html.erb within layouts/application (Duration: 45.8ms | Allocations: 4856)
  Rendered layout layouts/application.html.erb (Duration: 775.4ms | Allocations: 99291)
Completed 200 OK in 979ms (Views: 831.4ms | ActiveRecord: 0.5ms | Allocations: 105601)


Started GET "/quizzes/new" for ::1 at 2022-05-02 18:05:49 +0100
Processing by QuizzesController#new as HTML
  Rendering layout layouts/application.html.erb
  Rendering quizzes/new.html.erb within layouts/application
  Rendered quizzes/_answer_fields.html.erb (Duration: 9.4ms | Allocations: 333)
  Rendered quizzes/_question_fields.html.erb (Duration: 136.7ms | Allocations: 5567)
  Rendered quizzes/_form.html.erb (Duration: 505.4ms | Allocations: 34306)
  Rendered quizzes/new.html.erb within layouts/application (Duration: 541.2ms | Allocations: 34655)
  Rendered layout layouts/application.html.erb (Duration: 604.5ms | Allocations: 48316)
Completed 200 OK in 632ms (Views: 601.0ms | ActiveRecord: 9.8ms | Allocations: 51242)


Started GET "/quizzes" for ::1 at 2022-05-02 18:25:13 +0100
  [1m[35m (2.1ms)[0m  [1m[34mSELECT sqlite_version(*)[0m
  [1m[35m (1.0ms)[0m  [1m[34mSELECT "schema_migrations"."version" FROM "schema_migrations" ORDER BY "schema_migrations"."version" ASC[0m
Processing by QuizzesController#index as HTML
  Rendering layout layouts/application.html.erb
  Rendering quizzes/index.html.erb within layouts/application
  [1m[36mQuiz Load (0.7ms)[0m  [1m[34mSELECT "quizzes".* FROM "quizzes"[0m
  ↳ app/views/quizzes/index.html.erb:14
  Rendered quizzes/index.html.erb within layouts/application (Duration: 20.4ms | Allocations: 4648)
  Rendered layout layouts/application.html.erb (Duration: 216.9ms | Allocations: 38495)
Completed 200 OK in 293ms (Views: 244.8ms | ActiveRecord: 0.7ms | Allocations: 48747)


Started GET "/quizzes/new" for ::1 at 2022-05-02 18:25:15 +0100
Processing by QuizzesController#new as HTML
  Rendering layout layouts/application.html.erb
  Rendering quizzes/new.html.erb within layouts/application
  Rendered quizzes/_answer_fields.html.erb (Duration: 25.1ms | Allocations: 645)
  Rendered quizzes/_question_fields.html.erb (Duration: 75.9ms | Allocations: 6751)
  Rendered quizzes/_form.html.erb (Duration: 177.8ms | Allocations: 21764)
  Rendered quizzes/new.html.erb within layouts/application (Duration: 186.2ms | Allocations: 23230)
  Rendered layout layouts/application.html.erb (Duration: 320.9ms | Allocations: 42272)
Completed 200 OK in 338ms (Views: 315.9ms | ActiveRecord: 10.6ms | Allocations: 46558)
Started GET "/quizzes" for ::1 at 2022-05-02 19:44:02 +0100
  [1m[35m (1.0ms)[0m  [1m[34mSELECT sqlite_version(*)[0m
  [1m[35m (0.2ms)[0m  [1m[34mSELECT "schema_migrations"."version" FROM "schema_migrations" ORDER BY "schema_migrations"."version" ASC[0m
Processing by QuizzesController#index as HTML
  Rendering layout layouts/application.html.erb
  Rendering quizzes/index.html.erb within layouts/application
  [1m[36mQuiz Load (0.3ms)[0m  [1m[34mSELECT "quizzes".* FROM "quizzes"[0m
  ↳ app/views/quizzes/index.html.erb:14
  Rendered quizzes/index.html.erb within layouts/application (Duration: 7.8ms | Allocations: 1507)
  Rendered layout layouts/application.html.erb (Duration: 79.0ms | Allocations: 37647)
Completed 200 OK in 103ms (Views: 87.7ms | ActiveRecord: 0.3ms | Allocations: 44728)


Started GET "/quizzes/new" for ::1 at 2022-05-02 19:44:04 +0100
Processing by QuizzesController#new as HTML
  Rendering layout layouts/application.html.erb
  Rendering quizzes/new.html.erb within layouts/application
  Rendered quizzes/_answer_fields.html.erb (Duration: 0.5ms | Allocations: 334)
  Rendered quizzes/_question_fields.html.erb (Duration: 10.7ms | Allocations: 5312)
  Rendered quizzes/_form.html.erb (Duration: 37.7ms | Allocations: 17844)
  Rendered quizzes/new.html.erb within layouts/application (Duration: 43.7ms | Allocations: 18191)
  Rendered layout layouts/application.html.erb (Duration: 78.6ms | Allocations: 39606)
Completed 200 OK in 87ms (Views: 78.2ms | ActiveRecord: 2.8ms | Allocations: 42535)


Started POST "/quizzes" for ::1 at 2022-05-02 19:44:09 +0100
Processing by QuizzesController#create as TURBO_STREAM
  Parameters: {"authenticity_token"=>"[FILTERED]", "quiz"=>{"name"=>"name"}, "commit"=>"Create Quiz"}
  [1m[36mTRANSACTION (0.0ms)[0m  [1m[36mbegin transaction[0m
  ↳ app/controllers/quizzes_controller.rb:21:in `create'
  [1m[36mQuiz Create (2.4ms)[0m  [1m[32mINSERT INTO "quizzes" ("name", "created_at", "updated_at") VALUES (?, ?, ?)[0m  [["name", "name"], ["created_at", "2022-05-02 18:44:09.522118"], ["updated_at", "2022-05-02 18:44:09.522118"]]
  ↳ app/controllers/quizzes_controller.rb:21:in `create'
  [1m[36mTRANSACTION (7.1ms)[0m  [1m[36mcommit transaction[0m
  ↳ app/controllers/quizzes_controller.rb:21:in `create'
Redirected to http://localhost:3000/quizzes/1
Completed 302 Found in 21ms (ActiveRecord: 9.6ms | Allocations: 2506)


Started GET "/quizzes/1" for ::1 at 2022-05-02 19:44:09 +0100
Processing by QuizzesController#show as TURBO_STREAM
  Parameters: {"id"=>"1"}
  [1m[36mQuiz Load (0.4ms)[0m  [1m[34mSELECT "quizzes".* FROM "quizzes" WHERE "quizzes"."id" = ? LIMIT ?[0m  [["id", 1], ["LIMIT", 1]]
  ↳ app/controllers/quizzes_controller.rb:44:in `set_quiz'
  Rendering layout layouts/application.html.erb
  Rendering quizzes/show.html.erb within layouts/application
  [1m[36mQuestion Load (0.6ms)[0m  [1m[34mSELECT "questions".* FROM "questions" WHERE "questions"."quiz_id" = ?[0m  [["quiz_id", 1]]
  ↳ app/views/quizzes/show.html.erb:5
  Rendered quizzes/show.html.erb within layouts/application (Duration: 23.1ms | Allocations: 3661)
  Rendered layout layouts/application.html.erb (Duration: 24.2ms | Allocations: 3750)
Completed 500 Internal Server Error in 33ms (ActiveRecord: 0.9ms | Allocations: 5048)


  
ActionView::Template::Error (SQLite3::SQLException: no such column: questions.quiz_id):
    2: 
    3: <h1><%= @quiz.name %></h1>
    4: 
    5: <% @quiz.questions.each do |question| %>
    6:   <h2><%= question.name %></h2>
    7: 
    8:   <% case question.question_type %>
  
app/views/quizzes/show.html.erb:5
Started GET "/quizzes" for ::1 at 2022-05-03 01:52:45 +0100
  [1m[35m (32.0ms)[0m  [1m[34mSELECT sqlite_version(*)[0m
  [1m[35m (1.4ms)[0m  [1m[34mSELECT "schema_migrations"."version" FROM "schema_migrations" ORDER BY "schema_migrations"."version" ASC[0m
Processing by QuizzesController#index as HTML
  Rendering layout layouts/application.html.erb
  Rendering quizzes/index.html.erb within layouts/application
  [1m[36mQuiz Load (1.2ms)[0m  [1m[34mSELECT "quizzes".* FROM "quizzes"[0m
  ↳ app/views/quizzes/index.html.erb:14
  Rendered quizzes/index.html.erb within layouts/application (Duration: 54.4ms | Allocations: 3859)
  Rendered layout layouts/application.html.erb (Duration: 681.6ms | Allocations: 46655)
Completed 200 OK in 982ms (Views: 782.0ms | ActiveRecord: 4.6ms | Allocations: 54748)


Started GET "/quizzes/new" for ::1 at 2022-05-03 01:52:54 +0100
Processing by QuizzesController#new as HTML
  Rendering layout layouts/application.html.erb
  Rendering quizzes/new.html.erb within layouts/application
  Rendered quizzes/_answer_fields.html.erb (Duration: 1.8ms | Allocations: 334)
  Rendered quizzes/_question_fields.html.erb (Duration: 84.4ms | Allocations: 5645)
  Rendered quizzes/_form.html.erb (Duration: 439.6ms | Allocations: 18782)
  Rendered quizzes/new.html.erb within layouts/application (Duration: 447.2ms | Allocations: 19129)
  Rendered layout layouts/application.html.erb (Duration: 534.0ms | Allocations: 32845)
Completed 200 OK in 541ms (Views: 529.2ms | ActiveRecord: 6.4ms | Allocations: 33312)


Started POST "/quizzes" for ::1 at 2022-05-03 01:53:25 +0100
Processing by QuizzesController#create as TURBO_STREAM
  Parameters: {"authenticity_token"=>"[FILTERED]", "quiz"=>{"name"=>"maths", "questions_attributes"=>{"1651539177104"=>{"question_type"=>"single_choice", "_destroy"=>"false", "name"=>"1+1", "answers_attributes"=>{"1651539177104"=>{"_destroy"=>"false", "name"=>"3"}}}}}, "commit"=>"Create Quiz"}
Completed 500 Internal Server Error in 125ms (ActiveRecord: 0.0ms | Allocations: 6903)


  
ActiveModel::UnknownAttributeError (unknown attribute 'quiz_id' for Question.):
  
app/controllers/quizzes_controller.rb:19:in `create'
Started GET "/quizzes/new" for ::1 at 2022-05-03 01:55:16 +0100
Processing by QuizzesController#new as HTML
  Rendering layout layouts/application.html.erb
  Rendering quizzes/new.html.erb within layouts/application
  Rendered quizzes/_answer_fields.html.erb (Duration: 0.4ms | Allocations: 115)
  Rendered quizzes/_question_fields.html.erb (Duration: 31.9ms | Allocations: 845)
  Rendered quizzes/_form.html.erb (Duration: 55.0ms | Allocations: 2797)
  Rendered quizzes/new.html.erb within layouts/application (Duration: 56.2ms | Allocations: 2917)
  Rendered layout layouts/application.html.erb (Duration: 184.2ms | Allocations: 23078)
Completed 200 OK in 205ms (Views: 203.7ms | ActiveRecord: 0.0ms | Allocations: 23643)


Started POST "/quizzes" for ::1 at 2022-05-03 01:55:33 +0100
Processing by QuizzesController#create as TURBO_STREAM
  Parameters: {"authenticity_token"=>"[FILTERED]", "quiz"=>{"name"=>"maths", "questions_attributes"=>{"1651539318088"=>{"question_type"=>"single_choice", "_destroy"=>"false", "name"=>"1+1", "answers_attributes"=>{"1651539318088"=>{"_destroy"=>"false", "name"=>"2"}}}}}, "commit"=>"Create Quiz"}
Completed 500 Internal Server Error in 5ms (ActiveRecord: 0.0ms | Allocations: 1626)


  
ActiveModel::UnknownAttributeError (unknown attribute 'quiz_id' for Question.):
  
app/controllers/quizzes_controller.rb:19:in `create'
  [1m[35m (1.9ms)[0m  [1m[34mSELECT sqlite_version(*)[0m
  [1m[35m (0.9ms)[0m  [1m[34mSELECT sqlite_version(*)[0m
  [1m[35m (1.7ms)[0m  [1m[34mSELECT sqlite_version(*)[0m
  [1m[35m (1.1ms)[0m  [1m[34mSELECT sqlite_version(*)[0m
  [1m[35m (0.7ms)[0m  [1m[34mSELECT sqlite_version(*)[0m
  [1m[35m (21.7ms)[0m  [1m[35mCREATE TABLE "schema_migrations" ("version" varchar NOT NULL PRIMARY KEY)[0m
  [1m[35m (26.3ms)[0m  [1m[35mCREATE TABLE "ar_internal_metadata" ("key" varchar NOT NULL PRIMARY KEY, "value" varchar, "created_at" datetime(6) NOT NULL, "updated_at" datetime(6) NOT NULL)[0m
  [1m[35m (0.5ms)[0m  [1m[34mSELECT "schema_migrations"."version" FROM "schema_migrations" ORDER BY "schema_migrations"."version" ASC[0m
Migrating to CreateQuestions (20210502015847)
  [1m[36mTRANSACTION (0.1ms)[0m  [1m[36mbegin transaction[0m
  [1m[35m (1.9ms)[0m  [1m[35mCREATE TABLE "questions" ("id" integer PRIMARY KEY AUTOINCREMENT NOT NULL, "questionnaire_id" integer NOT NULL, "name" varchar, "question_type" integer, "required" boolean, "created_at" datetime(6) NOT NULL, "updated_at" datetime(6) NOT NULL, CONSTRAINT "fk_rails_8c4848c0c5"
FOREIGN KEY ("questionnaire_id")
  REFERENCES "questionnaires" ("id")
)[0m
  [1m[35m (0.8ms)[0m  [1m[35mCREATE INDEX "index_questions_on_questionnaire_id" ON "questions" ("questionnaire_id")[0m
  [1m[36mActiveRecord::SchemaMigration Create (0.3ms)[0m  [1m[32mINSERT INTO "schema_migrations" ("version") VALUES (?)[0m  [["version", "20210502015847"]]
  [1m[36mTRANSACTION (13.2ms)[0m  [1m[36mcommit transaction[0m
Migrating to CreateAnswers (20210502015908)
  [1m[36mTRANSACTION (0.1ms)[0m  [1m[36mbegin transaction[0m
  [1m[35m (1.4ms)[0m  [1m[35mCREATE TABLE "answers" ("id" integer PRIMARY KEY AUTOINCREMENT NOT NULL, "question_id" integer NOT NULL, "name" varchar, "created_at" datetime(6) NOT NULL, "updated_at" datetime(6) NOT NULL, CONSTRAINT "fk_rails_3d5ed4418f"
FOREIGN KEY ("question_id")
  REFERENCES "questions" ("id")
)[0m
  [1m[35m (0.2ms)[0m  [1m[35mCREATE INDEX "index_answers_on_question_id" ON "answers" ("question_id")[0m
  [1m[36mActiveRecord::SchemaMigration Create (0.4ms)[0m  [1m[32mINSERT INTO "schema_migrations" ("version") VALUES (?)[0m  [["version", "20210502015908"]]
  [1m[36mTRANSACTION (27.6ms)[0m  [1m[36mcommit transaction[0m
Migrating to CreateQuizzes (20220503005907)
  [1m[36mTRANSACTION (0.1ms)[0m  [1m[36mbegin transaction[0m
  [1m[35m (1.9ms)[0m  [1m[35mCREATE TABLE "quizzes" ("id" integer PRIMARY KEY AUTOINCREMENT NOT NULL, "name" varchar, "created_at" datetime(6) NOT NULL, "updated_at" datetime(6) NOT NULL)[0m
  [1m[36mActiveRecord::SchemaMigration Create (0.3ms)[0m  [1m[32mINSERT INTO "schema_migrations" ("version") VALUES (?)[0m  [["version", "20220503005907"]]
  [1m[36mTRANSACTION (11.7ms)[0m  [1m[36mcommit transaction[0m
  [1m[36mActiveRecord::InternalMetadata Load (0.4ms)[0m  [1m[34mSELECT "ar_internal_metadata".* FROM "ar_internal_metadata" WHERE "ar_internal_metadata"."key" = ? LIMIT ?[0m  [["key", "environment"], ["LIMIT", 1]]
  [1m[36mTRANSACTION (0.0ms)[0m  [1m[36mbegin transaction[0m
  [1m[36mActiveRecord::InternalMetadata Create (1.4ms)[0m  [1m[32mINSERT INTO "ar_internal_metadata" ("key", "value", "created_at", "updated_at") VALUES (?, ?, ?, ?)[0m  [["key", "environment"], ["value", "development"], ["created_at", "2022-05-03 01:03:37.705960"], ["updated_at", "2022-05-03 01:03:37.705960"]]
  [1m[36mTRANSACTION (17.5ms)[0m  [1m[36mcommit transaction[0m
  [1m[35m (0.0ms)[0m  [1m[34mSELECT sqlite_version(*)[0m
  [1m[35m (0.4ms)[0m  [1m[34mSELECT "schema_migrations"."version" FROM "schema_migrations" ORDER BY "schema_migrations"."version" ASC[0m
Started GET "/quizzes/new" for ::1 at 2022-05-03 02:04:16 +0100
  [1m[35m (1.2ms)[0m  [1m[34mSELECT sqlite_version(*)[0m
  [1m[35m (0.3ms)[0m  [1m[34mSELECT "schema_migrations"."version" FROM "schema_migrations" ORDER BY "schema_migrations"."version" ASC[0m
Processing by QuizzesController#new as HTML
  Rendering layout layouts/application.html.erb
  Rendering quizzes/new.html.erb within layouts/application
  Rendered quizzes/_answer_fields.html.erb (Duration: 0.9ms | Allocations: 334)
  Rendered quizzes/_question_fields.html.erb (Duration: 18.4ms | Allocations: 5321)
  Rendered quizzes/_form.html.erb (Duration: 91.9ms | Allocations: 18147)
  Rendered quizzes/new.html.erb within layouts/application (Duration: 98.1ms | Allocations: 19393)
  Rendered layout layouts/application.html.erb (Duration: 273.6ms | Allocations: 53970)
Completed 200 OK in 354ms (Views: 307.4ms | ActiveRecord: 6.1ms | Allocations: 64532)


Started GET "/quizzes" for ::1 at 2022-05-03 02:04:20 +0100
Processing by QuizzesController#index as HTML
  Rendering layout layouts/application.html.erb
  Rendering quizzes/index.html.erb within layouts/application
  [1m[36mQuiz Load (0.5ms)[0m  [1m[34mSELECT "quizzes".* FROM "quizzes"[0m
  ↳ app/views/quizzes/index.html.erb:14
  Rendered quizzes/index.html.erb within layouts/application (Duration: 5.0ms | Allocations: 1051)
  Rendered layout layouts/application.html.erb (Duration: 58.5ms | Allocations: 14770)
Completed 200 OK in 96ms (Views: 59.7ms | ActiveRecord: 0.5ms | Allocations: 15247)


Started GET "/quizzes/new" for ::1 at 2022-05-03 02:04:25 +0100
Processing by QuizzesController#new as HTML
  Rendering layout layouts/application.html.erb
  Rendering quizzes/new.html.erb within layouts/application
  Rendered quizzes/_answer_fields.html.erb (Duration: 0.3ms | Allocations: 115)
  Rendered quizzes/_question_fields.html.erb (Duration: 2.3ms | Allocations: 617)
  Rendered quizzes/_form.html.erb (Duration: 11.2ms | Allocations: 1481)
  Rendered quizzes/new.html.erb within layouts/application (Duration: 11.6ms | Allocations: 1572)
  Rendered layout layouts/application.html.erb (Duration: 64.5ms | Allocations: 15288)
Completed 200 OK in 66ms (Views: 65.7ms | ActiveRecord: 0.0ms | Allocations: 15613)


Started GET "/quizzes" for ::1 at 2022-05-03 02:04:28 +0100
Processing by QuizzesController#index as HTML
  Rendering layout layouts/application.html.erb
  Rendering quizzes/index.html.erb within layouts/application
  [1m[36mQuiz Load (0.4ms)[0m  [1m[34mSELECT "quizzes".* FROM "quizzes"[0m
  ↳ app/views/quizzes/index.html.erb:14
  Rendered quizzes/index.html.erb within layouts/application (Duration: 3.5ms | Allocations: 1165)
  Rendered layout layouts/application.html.erb (Duration: 54.3ms | Allocations: 18428)
Completed 200 OK in 61ms (Views: 60.7ms | ActiveRecord: 0.4ms | Allocations: 19093)


Started GET "/quizzes/new" for ::1 at 2022-05-03 02:04:33 +0100
Processing by QuizzesController#new as HTML
  Rendering layout layouts/application.html.erb
  Rendering quizzes/new.html.erb within layouts/application
  Rendered quizzes/_answer_fields.html.erb (Duration: 0.3ms | Allocations: 115)
  Rendered quizzes/_question_fields.html.erb (Duration: 2.2ms | Allocations: 617)
  Rendered quizzes/_form.html.erb (Duration: 27.0ms | Allocations: 1529)
  Rendered quizzes/new.html.erb within layouts/application (Duration: 28.0ms | Allocations: 1642)
  Rendered layout layouts/application.html.erb (Duration: 97.7ms | Allocations: 16586)
Completed 200 OK in 99ms (Views: 98.7ms | ActiveRecord: 0.0ms | Allocations: 16910)


Started GET "/quizzes" for ::1 at 2022-05-03 02:04:36 +0100
Processing by QuizzesController#index as HTML
  Rendering layout layouts/application.html.erb
  Rendering quizzes/index.html.erb within layouts/application
  [1m[36mQuiz Load (0.7ms)[0m  [1m[34mSELECT "quizzes".* FROM "quizzes"[0m
  ↳ app/views/quizzes/index.html.erb:14
  Rendered quizzes/index.html.erb within layouts/application (Duration: 7.9ms | Allocations: 747)
  Rendered layout layouts/application.html.erb (Duration: 78.9ms | Allocations: 19105)
Completed 200 OK in 81ms (Views: 80.0ms | ActiveRecord: 0.7ms | Allocations: 19420)


Started GET "/quizzes/new" for ::1 at 2022-05-03 02:04:37 +0100
Processing by QuizzesController#new as HTML
  Rendering layout layouts/application.html.erb
  Rendering quizzes/new.html.erb within layouts/application
  Rendered quizzes/_answer_fields.html.erb (Duration: 0.2ms | Allocations: 115)
  Rendered quizzes/_question_fields.html.erb (Duration: 3.0ms | Allocations: 617)
  Rendered quizzes/_form.html.erb (Duration: 5.2ms | Allocations: 1471)
  Rendered quizzes/new.html.erb within layouts/application (Duration: 5.6ms | Allocations: 1562)
  Rendered layout layouts/application.html.erb (Duration: 39.8ms | Allocations: 15274)
Completed 200 OK in 42ms (Views: 41.0ms | ActiveRecord: 0.0ms | Allocations: 15589)


Started POST "/quizzes" for ::1 at 2022-05-03 02:04:55 +0100
Processing by QuizzesController#create as TURBO_STREAM
  Parameters: {"authenticity_token"=>"[FILTERED]", "quiz"=>{"name"=>"test", "questions_attributes"=>{"1651539878506"=>{"question_type"=>"long_answer", "_destroy"=>"false", "name"=>"whats your name"}}}, "commit"=>"Create Quiz"}
Completed 500 Internal Server Error in 24ms (ActiveRecord: 0.0ms | Allocations: 1892)


  
ActiveModel::UnknownAttributeError (unknown attribute 'quiz_id' for Question.):
  
app/controllers/quizzes_controller.rb:19:in `create'
Started GET "/quizzes/new" for ::1 at 2022-05-03 02:05:43 +0100
Processing by QuizzesController#new as HTML
  Rendering layout layouts/application.html.erb
  Rendering quizzes/new.html.erb within layouts/application
  Rendered quizzes/_answer_fields.html.erb (Duration: 0.1ms | Allocations: 115)
  Rendered quizzes/_question_fields.html.erb (Duration: 1.3ms | Allocations: 647)
  Rendered quizzes/_form.html.erb (Duration: 4.7ms | Allocations: 1751)
  Rendered quizzes/new.html.erb within layouts/application (Duration: 5.4ms | Allocations: 1960)
  Rendered layout layouts/application.html.erb (Duration: 42.6ms | Allocations: 20834)
Completed 200 OK in 45ms (Views: 44.3ms | ActiveRecord: 0.0ms | Allocations: 21390)


Started POST "/quizzes" for ::1 at 2022-05-03 02:05:55 +0100
Processing by QuizzesController#create as TURBO_STREAM
  Parameters: {"authenticity_token"=>"[FILTERED]", "quiz"=>{"name"=>"", "questions_attributes"=>{"1651539945398"=>{"question_type"=>"long_answer", "_destroy"=>"false", "name"=>"whats your name"}}}, "commit"=>"Create Quiz"}
Completed 500 Internal Server Error in 2ms (ActiveRecord: 0.0ms | Allocations: 1293)


  
ActiveModel::UnknownAttributeError (unknown attribute 'quiz_id' for Question.):
  
app/controllers/quizzes_controller.rb:19:in `create'
Started GET "/quizzes/" for ::1 at 2022-05-03 02:10:50 +0100
  [1m[35m (1.3ms)[0m  [1m[34mSELECT sqlite_version(*)[0m
  [1m[35m (8.0ms)[0m  [1m[35mCREATE TABLE "schema_migrations" ("version" varchar NOT NULL PRIMARY KEY)[0m
  [1m[35m (14.7ms)[0m  [1m[35mCREATE TABLE "ar_internal_metadata" ("key" varchar NOT NULL PRIMARY KEY, "value" varchar, "created_at" datetime(6) NOT NULL, "updated_at" datetime(6) NOT NULL)[0m
  [1m[35m (0.6ms)[0m  [1m[34mSELECT "schema_migrations"."version" FROM "schema_migrations" ORDER BY "schema_migrations"."version" ASC[0m
  
ActiveRecord::PendingMigrationError (

Migrations are pending. To resolve this issue, run:

        bin/rails db:migrate RAILS_ENV=development

You have 3 pending migrations:

20210502015847_create_questions.rb
20210502015908_create_answers.rb
20220503005907_create_quizzes.rb


):
  
activerecord (6.1.3.1) lib/active_record/migration.rb:625:in `check_pending!'
activerecord (6.1.3.1) lib/active_record/migration.rb:590:in `block (2 levels) in call'
activesupport (6.1.3.1) lib/active_support/evented_file_update_checker.rb:59:in `execute'
activerecord (6.1.3.1) lib/active_record/migration.rb:595:in `block in call'
activerecord (6.1.3.1) lib/active_record/migration.rb:587:in `synchronize'
activerecord (6.1.3.1) lib/active_record/migration.rb:587:in `call'
actionpack (6.1.3.1) lib/action_dispatch/middleware/callbacks.rb:27:in `block in call'
activesupport (6.1.3.1) lib/active_support/callbacks.rb:98:in `run_callbacks'
actionpack (6.1.3.1) lib/action_dispatch/middleware/callbacks.rb:26:in `call'
actionpack (6.1.3.1) lib/action_dispatch/middleware/executor.rb:14:in `call'
actionpack (6.1.3.1) lib/action_dispatch/middleware/actionable_exceptions.rb:18:in `call'
actionpack (6.1.3.1) lib/action_dispatch/middleware/debug_exceptions.rb:29:in `call'
web-console (4.1.0) lib/web_console/middleware.rb:132:in `call_app'
web-console (4.1.0) lib/web_console/middleware.rb:28:in `block in call'
web-console (4.1.0) lib/web_console/middleware.rb:17:in `catch'
web-console (4.1.0) lib/web_console/middleware.rb:17:in `call'
actionpack (6.1.3.1) lib/action_dispatch/middleware/show_exceptions.rb:33:in `call'
railties (6.1.3.1) lib/rails/rack/logger.rb:37:in `call_app'
railties (6.1.3.1) lib/rails/rack/logger.rb:26:in `block in call'
activesupport (6.1.3.1) lib/active_support/tagged_logging.rb:99:in `block in tagged'
activesupport (6.1.3.1) lib/active_support/tagged_logging.rb:37:in `tagged'
activesupport (6.1.3.1) lib/active_support/tagged_logging.rb:99:in `tagged'
railties (6.1.3.1) lib/rails/rack/logger.rb:26:in `call'
sprockets-rails (3.2.2) lib/sprockets/rails/quiet_assets.rb:13:in `call'
actionpack (6.1.3.1) lib/action_dispatch/middleware/remote_ip.rb:81:in `call'
actionpack (6.1.3.1) lib/action_dispatch/middleware/request_id.rb:26:in `call'
rack (2.2.3) lib/rack/method_override.rb:24:in `call'
rack (2.2.3) lib/rack/runtime.rb:22:in `call'
activesupport (6.1.3.1) lib/active_support/cache/strategy/local_cache_middleware.rb:29:in `call'
actionpack (6.1.3.1) lib/action_dispatch/middleware/executor.rb:14:in `call'
actionpack (6.1.3.1) lib/action_dispatch/middleware/static.rb:24:in `call'
rack (2.2.3) lib/rack/sendfile.rb:110:in `call'
actionpack (6.1.3.1) lib/action_dispatch/middleware/host_authorization.rb:98:in `call'
railties (6.1.3.1) lib/rails/engine.rb:539:in `call'
puma (5.2.2) lib/puma/configuration.rb:248:in `call'
puma (5.2.2) lib/puma/request.rb:76:in `block in handle_request'
puma (5.2.2) lib/puma/thread_pool.rb:337:in `with_force_shutdown'
puma (5.2.2) lib/puma/request.rb:75:in `handle_request'
puma (5.2.2) lib/puma/server.rb:431:in `process_client'
puma (5.2.2) lib/puma/thread_pool.rb:145:in `block in spawn_thread'
Started POST "/rails/actions" for ::1 at 2022-05-03 02:10:52 +0100
  [1m[35m (0.3ms)[0m  [1m[34mSELECT "schema_migrations"."version" FROM "schema_migrations" ORDER BY "schema_migrations"."version" ASC[0m
Migrating to CreateQuestions (20210502015847)
  [1m[36mTRANSACTION (0.1ms)[0m  [1m[36mbegin transaction[0m
  [1m[35m (1.6ms)[0m  [1m[35mCREATE TABLE "questions" ("id" integer PRIMARY KEY AUTOINCREMENT NOT NULL, "questionnaire_id" integer NOT NULL, "name" varchar, "question_type" integer, "required" boolean, "created_at" datetime(6) NOT NULL, "updated_at" datetime(6) NOT NULL, CONSTRAINT "fk_rails_8c4848c0c5"
FOREIGN KEY ("questionnaire_id")
  REFERENCES "questionnaires" ("id")
)[0m
  [1m[35m (1.3ms)[0m  [1m[35mCREATE INDEX "index_questions_on_questionnaire_id" ON "questions" ("questionnaire_id")[0m
  [1m[36mActiveRecord::SchemaMigration Create (0.9ms)[0m  [1m[32mINSERT INTO "schema_migrations" ("version") VALUES (?)[0m  [["version", "20210502015847"]]
  [1m[36mTRANSACTION (4.6ms)[0m  [1m[36mcommit transaction[0m
Migrating to CreateAnswers (20210502015908)
  [1m[36mTRANSACTION (0.1ms)[0m  [1m[36mbegin transaction[0m
  [1m[35m (6.2ms)[0m  [1m[35mCREATE TABLE "answers" ("id" integer PRIMARY KEY AUTOINCREMENT NOT NULL, "question_id" integer NOT NULL, "name" varchar, "created_at" datetime(6) NOT NULL, "updated_at" datetime(6) NOT NULL, CONSTRAINT "fk_rails_3d5ed4418f"
FOREIGN KEY ("question_id")
  REFERENCES "questions" ("id")
)[0m
  [1m[35m (0.5ms)[0m  [1m[35mCREATE INDEX "index_answers_on_question_id" ON "answers" ("question_id")[0m
  [1m[36mActiveRecord::SchemaMigration Create (0.9ms)[0m  [1m[32mINSERT INTO "schema_migrations" ("version") VALUES (?)[0m  [["version", "20210502015908"]]
  [1m[36mTRANSACTION (13.9ms)[0m  [1m[36mcommit transaction[0m
Migrating to CreateQuizzes (20220503005907)
  [1m[36mTRANSACTION (0.3ms)[0m  [1m[36mbegin transaction[0m
  [1m[35m (3.9ms)[0m  [1m[35mCREATE TABLE "quizzes" ("id" integer PRIMARY KEY AUTOINCREMENT NOT NULL, "name" varchar, "created_at" datetime(6) NOT NULL, "updated_at" datetime(6) NOT NULL)[0m
  [1m[36mActiveRecord::SchemaMigration Create (0.4ms)[0m  [1m[32mINSERT INTO "schema_migrations" ("version") VALUES (?)[0m  [["version", "20220503005907"]]
  [1m[36mTRANSACTION (13.2ms)[0m  [1m[36mcommit transaction[0m
  [1m[36mActiveRecord::InternalMetadata Load (2.2ms)[0m  [1m[34mSELECT "ar_internal_metadata".* FROM "ar_internal_metadata" WHERE "ar_internal_metadata"."key" = ? LIMIT ?[0m  [["key", "environment"], ["LIMIT", 1]]
  [1m[36mTRANSACTION (0.1ms)[0m  [1m[36mbegin transaction[0m
  [1m[36mActiveRecord::InternalMetadata Create (2.3ms)[0m  [1m[32mINSERT INTO "ar_internal_metadata" ("key", "value", "created_at", "updated_at") VALUES (?, ?, ?, ?)[0m  [["key", "environment"], ["value", "development"], ["created_at", "2022-05-03 01:10:52.471122"], ["updated_at", "2022-05-03 01:10:52.471122"]]
  [1m[36mTRANSACTION (11.0ms)[0m  [1m[36mcommit transaction[0m
  [1m[35m (5.7ms)[0m  [1m[34mSELECT "schema_migrations"."version" FROM "schema_migrations" ORDER BY "schema_migrations"."version" ASC[0m
Started GET "/quizzes/" for ::1 at 2022-05-03 02:10:52 +0100
  [1m[35m (0.3ms)[0m  [1m[34mSELECT "schema_migrations"."version" FROM "schema_migrations" ORDER BY "schema_migrations"."version" ASC[0m
Processing by QuizzesController#index as HTML
  Rendering layout layouts/application.html.erb
  Rendering quizzes/index.html.erb within layouts/application
  [1m[36mQuiz Load (0.7ms)[0m  [1m[34mSELECT "quizzes".* FROM "quizzes"[0m
  ↳ app/views/quizzes/index.html.erb:14
  Rendered quizzes/index.html.erb within layouts/application (Duration: 11.6ms | Allocations: 1391)
  Rendered layout layouts/application.html.erb (Duration: 201.3ms | Allocations: 36085)
Completed 200 OK in 255ms (Views: 230.5ms | ActiveRecord: 0.7ms | Allocations: 39481)


Started GET "/quizzes/new" for ::1 at 2022-05-03 02:10:54 +0100
Processing by QuizzesController#new as HTML
  [1m[35m (0.1ms)[0m  [1m[34mSELECT sqlite_version(*)[0m
  ↳ app/controllers/quizzes_controller.rb:12:in `new'
  Rendering layout layouts/application.html.erb
  Rendering quizzes/new.html.erb within layouts/application
  Rendered quizzes/_answer_fields.html.erb (Duration: 0.6ms | Allocations: 334)
  Rendered quizzes/_question_fields.html.erb (Duration: 10.7ms | Allocations: 5305)
  Rendered quizzes/_form.html.erb (Duration: 62.2ms | Allocations: 20040)
  Rendered quizzes/new.html.erb within layouts/application (Duration: 68.8ms | Allocations: 21228)
  Rendered layout layouts/application.html.erb (Duration: 104.1ms | Allocations: 34967)
Completed 200 OK in 119ms (Views: 103.6ms | ActiveRecord: 4.0ms | Allocations: 40117)


Started POST "/quizzes" for ::1 at 2022-05-03 02:11:34 +0100
Processing by QuizzesController#create as TURBO_STREAM
  Parameters: {"authenticity_token"=>"[FILTERED]", "quiz"=>{"name"=>"test", "questions_attributes"=>{"1651540274516"=>{"question_type"=>"long_answer", "_destroy"=>"false", "name"=>"whats your name", "answers_attributes"=>{"1651540274516"=>{"_destroy"=>"false", "name"=>""}}}}}, "commit"=>"Create Quiz"}
Completed 500 Internal Server Error in 86ms (ActiveRecord: 0.0ms | Allocations: 6117)


  
ActiveModel::UnknownAttributeError (unknown attribute 'quiz_id' for Question.):
  
app/controllers/quizzes_controller.rb:19:in `create'
Started GET "/quizzes/" for ::1 at 2022-05-03 02:11:47 +0100
Processing by QuizzesController#index as HTML
  Rendering layout layouts/application.html.erb
  Rendering quizzes/index.html.erb within layouts/application
  [1m[35m (0.1ms)[0m  [1m[34mSELECT sqlite_version(*)[0m
  ↳ app/views/quizzes/index.html.erb:14
  [1m[36mQuiz Load (0.7ms)[0m  [1m[34mSELECT "quizzes".* FROM "quizzes"[0m
  ↳ app/views/quizzes/index.html.erb:14
  Rendered quizzes/index.html.erb within layouts/application (Duration: 5.5ms | Allocations: 2774)
  Rendered layout layouts/application.html.erb (Duration: 6.7ms | Allocations: 2865)
Completed 500 Internal Server Error in 15ms (ActiveRecord: 1.1ms | Allocations: 4258)


  
ActionView::Template::Error (SQLite3::SQLException: no such table: quizzes):
    11:   </thead>
    12: 
    13:   <tbody>
    14:     <% @quizzes.each do |quiz| %>
    15:       <tr>
    16:         <td><%= quiz.name %></td>
    17:         <td><%= link_to 'Show', quiz %></td>
  
app/views/quizzes/index.html.erb:14
Started GET "/quizzes/" for ::1 at 2022-05-03 02:11:49 +0100
Processing by QuizzesController#index as HTML
  Rendering layout layouts/application.html.erb
  Rendering quizzes/index.html.erb within layouts/application
  [1m[36mQuiz Load (0.6ms)[0m  [1m[34mSELECT "quizzes".* FROM "quizzes"[0m
  ↳ app/views/quizzes/index.html.erb:14
  Rendered quizzes/index.html.erb within layouts/application (Duration: 4.1ms | Allocations: 2201)
  Rendered layout layouts/application.html.erb (Duration: 5.2ms | Allocations: 2291)
Completed 500 Internal Server Error in 8ms (ActiveRecord: 0.6ms | Allocations: 2571)


  
ActionView::Template::Error (SQLite3::SQLException: no such table: quizzes):
    11:   </thead>
    12: 
    13:   <tbody>
    14:     <% @quizzes.each do |quiz| %>
    15:       <tr>
    16:         <td><%= quiz.name %></td>
    17:         <td><%= link_to 'Show', quiz %></td>
  
app/views/quizzes/index.html.erb:14
Started GET "/quizzes" for ::1 at 2022-05-03 02:11:54 +0100
Processing by QuizzesController#index as HTML
  Rendering layout layouts/application.html.erb
  Rendering quizzes/index.html.erb within layouts/application
  [1m[36mQuiz Load (0.6ms)[0m  [1m[34mSELECT "quizzes".* FROM "quizzes"[0m
  ↳ app/views/quizzes/index.html.erb:14
  Rendered quizzes/index.html.erb within layouts/application (Duration: 3.0ms | Allocations: 2201)
  Rendered layout layouts/application.html.erb (Duration: 4.1ms | Allocations: 2291)
Completed 500 Internal Server Error in 6ms (ActiveRecord: 0.6ms | Allocations: 2571)


  
ActionView::Template::Error (SQLite3::SQLException: no such table: quizzes):
    11:   </thead>
    12: 
    13:   <tbody>
    14:     <% @quizzes.each do |quiz| %>
    15:       <tr>
    16:         <td><%= quiz.name %></td>
    17:         <td><%= link_to 'Show', quiz %></td>
  
app/views/quizzes/index.html.erb:14
Started GET "/quizzes" for ::1 at 2022-05-03 02:13:00 +0100
  [1m[35m (0.0ms)[0m  [1m[34mSELECT sqlite_version(*)[0m
  [1m[35m (5.8ms)[0m  [1m[35mCREATE TABLE "schema_migrations" ("version" varchar NOT NULL PRIMARY KEY)[0m
  [1m[35m (30.8ms)[0m  [1m[35mCREATE TABLE "ar_internal_metadata" ("key" varchar NOT NULL PRIMARY KEY, "value" varchar, "created_at" datetime(6) NOT NULL, "updated_at" datetime(6) NOT NULL)[0m
  [1m[35m (0.5ms)[0m  [1m[34mSELECT "schema_migrations"."version" FROM "schema_migrations" ORDER BY "schema_migrations"."version" ASC[0m
  
ActiveRecord::PendingMigrationError (

Migrations are pending. To resolve this issue, run:

        bin/rails db:migrate RAILS_ENV=development

You have 3 pending migrations:

20210502015847_create_questions.rb
20210502015908_create_answers.rb
20220503005907_create_quizzes.rb


):
  
activerecord (6.1.3.1) lib/active_record/migration.rb:625:in `check_pending!'
activerecord (6.1.3.1) lib/active_record/migration.rb:590:in `block (2 levels) in call'
activesupport (6.1.3.1) lib/active_support/evented_file_update_checker.rb:59:in `execute'
activesupport (6.1.3.1) lib/active_support/evented_file_update_checker.rb:65:in `execute_if_updated'
activerecord (6.1.3.1) lib/active_record/migration.rb:597:in `block in call'
activerecord (6.1.3.1) lib/active_record/migration.rb:587:in `synchronize'
activerecord (6.1.3.1) lib/active_record/migration.rb:587:in `call'
actionpack (6.1.3.1) lib/action_dispatch/middleware/callbacks.rb:27:in `block in call'
activesupport (6.1.3.1) lib/active_support/callbacks.rb:98:in `run_callbacks'
actionpack (6.1.3.1) lib/action_dispatch/middleware/callbacks.rb:26:in `call'
actionpack (6.1.3.1) lib/action_dispatch/middleware/executor.rb:14:in `call'
actionpack (6.1.3.1) lib/action_dispatch/middleware/actionable_exceptions.rb:18:in `call'
actionpack (6.1.3.1) lib/action_dispatch/middleware/debug_exceptions.rb:29:in `call'
web-console (4.1.0) lib/web_console/middleware.rb:132:in `call_app'
web-console (4.1.0) lib/web_console/middleware.rb:28:in `block in call'
web-console (4.1.0) lib/web_console/middleware.rb:17:in `catch'
web-console (4.1.0) lib/web_console/middleware.rb:17:in `call'
actionpack (6.1.3.1) lib/action_dispatch/middleware/show_exceptions.rb:33:in `call'
railties (6.1.3.1) lib/rails/rack/logger.rb:37:in `call_app'
railties (6.1.3.1) lib/rails/rack/logger.rb:26:in `block in call'
activesupport (6.1.3.1) lib/active_support/tagged_logging.rb:99:in `block in tagged'
activesupport (6.1.3.1) lib/active_support/tagged_logging.rb:37:in `tagged'
activesupport (6.1.3.1) lib/active_support/tagged_logging.rb:99:in `tagged'
railties (6.1.3.1) lib/rails/rack/logger.rb:26:in `call'
sprockets-rails (3.2.2) lib/sprockets/rails/quiet_assets.rb:13:in `call'
actionpack (6.1.3.1) lib/action_dispatch/middleware/remote_ip.rb:81:in `call'
actionpack (6.1.3.1) lib/action_dispatch/middleware/request_id.rb:26:in `call'
rack (2.2.3) lib/rack/method_override.rb:24:in `call'
rack (2.2.3) lib/rack/runtime.rb:22:in `call'
activesupport (6.1.3.1) lib/active_support/cache/strategy/local_cache_middleware.rb:29:in `call'
actionpack (6.1.3.1) lib/action_dispatch/middleware/executor.rb:14:in `call'
actionpack (6.1.3.1) lib/action_dispatch/middleware/static.rb:24:in `call'
rack (2.2.3) lib/rack/sendfile.rb:110:in `call'
actionpack (6.1.3.1) lib/action_dispatch/middleware/host_authorization.rb:98:in `call'
railties (6.1.3.1) lib/rails/engine.rb:539:in `call'
puma (5.2.2) lib/puma/configuration.rb:248:in `call'
puma (5.2.2) lib/puma/request.rb:76:in `block in handle_request'
puma (5.2.2) lib/puma/thread_pool.rb:337:in `with_force_shutdown'
puma (5.2.2) lib/puma/request.rb:75:in `handle_request'
puma (5.2.2) lib/puma/server.rb:431:in `process_client'
puma (5.2.2) lib/puma/thread_pool.rb:145:in `block in spawn_thread'
Started POST "/rails/actions" for ::1 at 2022-05-03 02:13:02 +0100
  [1m[35m (0.2ms)[0m  [1m[34mSELECT "schema_migrations"."version" FROM "schema_migrations" ORDER BY "schema_migrations"."version" ASC[0m
Migrating to CreateQuestions (20210502015847)
  [1m[36mTRANSACTION (0.2ms)[0m  [1m[36mbegin transaction[0m
  [1m[35m (1.5ms)[0m  [1m[35mCREATE TABLE "questions" ("id" integer PRIMARY KEY AUTOINCREMENT NOT NULL, "questionnaire_id" integer NOT NULL, "name" varchar, "question_type" integer, "required" boolean, "created_at" datetime(6) NOT NULL, "updated_at" datetime(6) NOT NULL, CONSTRAINT "fk_rails_8c4848c0c5"
FOREIGN KEY ("questionnaire_id")
  REFERENCES "questionnaires" ("id")
)[0m
  [1m[35m (0.3ms)[0m  [1m[35mCREATE INDEX "index_questions_on_questionnaire_id" ON "questions" ("questionnaire_id")[0m
  [1m[36mActiveRecord::SchemaMigration Create (0.4ms)[0m  [1m[32mINSERT INTO "schema_migrations" ("version") VALUES (?)[0m  [["version", "20210502015847"]]
  [1m[36mTRANSACTION (5.0ms)[0m  [1m[36mcommit transaction[0m
Migrating to CreateAnswers (20210502015908)
  [1m[36mTRANSACTION (0.1ms)[0m  [1m[36mbegin transaction[0m
  [1m[35m (1.5ms)[0m  [1m[35mCREATE TABLE "answers" ("id" integer PRIMARY KEY AUTOINCREMENT NOT NULL, "question_id" integer NOT NULL, "name" varchar, "created_at" datetime(6) NOT NULL, "updated_at" datetime(6) NOT NULL, CONSTRAINT "fk_rails_3d5ed4418f"
FOREIGN KEY ("question_id")
  REFERENCES "questions" ("id")
)[0m
  [1m[35m (2.2ms)[0m  [1m[35mCREATE INDEX "index_answers_on_question_id" ON "answers" ("question_id")[0m
  [1m[36mActiveRecord::SchemaMigration Create (1.1ms)[0m  [1m[32mINSERT INTO "schema_migrations" ("version") VALUES (?)[0m  [["version", "20210502015908"]]
  [1m[36mTRANSACTION (4.0ms)[0m  [1m[36mcommit transaction[0m
Migrating to CreateQuizzes (20220503005907)
  [1m[36mTRANSACTION (0.1ms)[0m  [1m[36mbegin transaction[0m
  [1m[35m (2.4ms)[0m  [1m[35mCREATE TABLE "quizzes" ("id" integer PRIMARY KEY AUTOINCREMENT NOT NULL, "name" varchar, "created_at" datetime(6) NOT NULL, "updated_at" datetime(6) NOT NULL)[0m
  [1m[36mActiveRecord::SchemaMigration Create (0.4ms)[0m  [1m[32mINSERT INTO "schema_migrations" ("version") VALUES (?)[0m  [["version", "20220503005907"]]
  [1m[36mTRANSACTION (7.6ms)[0m  [1m[36mcommit transaction[0m
  [1m[36mActiveRecord::InternalMetadata Load (0.9ms)[0m  [1m[34mSELECT "ar_internal_metadata".* FROM "ar_internal_metadata" WHERE "ar_internal_metadata"."key" = ? LIMIT ?[0m  [["key", "environment"], ["LIMIT", 1]]
  [1m[36mTRANSACTION (0.1ms)[0m  [1m[36mbegin transaction[0m
  [1m[36mActiveRecord::InternalMetadata Create (1.9ms)[0m  [1m[32mINSERT INTO "ar_internal_metadata" ("key", "value", "created_at", "updated_at") VALUES (?, ?, ?, ?)[0m  [["key", "environment"], ["value", "development"], ["created_at", "2022-05-03 01:13:02.991377"], ["updated_at", "2022-05-03 01:13:02.991377"]]
  [1m[36mTRANSACTION (13.1ms)[0m  [1m[36mcommit transaction[0m
  [1m[35m (0.4ms)[0m  [1m[34mSELECT "schema_migrations"."version" FROM "schema_migrations" ORDER BY "schema_migrations"."version" ASC[0m
Started GET "/quizzes" for ::1 at 2022-05-03 02:13:03 +0100
  [1m[35m (0.2ms)[0m  [1m[34mSELECT "schema_migrations"."version" FROM "schema_migrations" ORDER BY "schema_migrations"."version" ASC[0m
Processing by QuizzesController#index as HTML
  Rendering layout layouts/application.html.erb
  Rendering quizzes/index.html.erb within layouts/application
  [1m[36mQuiz Load (0.3ms)[0m  [1m[34mSELECT "quizzes".* FROM "quizzes"[0m
  ↳ app/views/quizzes/index.html.erb:14
  Rendered quizzes/index.html.erb within layouts/application (Duration: 4.9ms | Allocations: 995)
  Rendered layout layouts/application.html.erb (Duration: 90.1ms | Allocations: 22673)
Completed 200 OK in 106ms (Views: 100.2ms | ActiveRecord: 0.3ms | Allocations: 25049)


  [1m[35m (1.3ms)[0m  [1m[34mSELECT sqlite_version(*)[0m
  [1m[35m (0.2ms)[0m  [1m[34mSELECT "schema_migrations"."version" FROM "schema_migrations" ORDER BY "schema_migrations"."version" ASC[0m
Migrating to RenameQuestionnairesToQuizzes (20220503011804)
  [1m[36mTRANSACTION (0.1ms)[0m  [1m[36mbegin transaction[0m
  [1m[35m (0.8ms)[0m  [1m[35mALTER TABLE "questionnaires" RENAME TO "quizzes"[0m
  [1m[36mTRANSACTION (0.1ms)[0m  [1m[31mrollback transaction[0m
  [1m[35m (0.6ms)[0m  [1m[34mSELECT sqlite_version(*)[0m
  [1m[35m (0.2ms)[0m  [1m[34mSELECT "schema_migrations"."version" FROM "schema_migrations" ORDER BY "schema_migrations"."version" ASC[0m
Migrating to RenameQuestionnairesToQuizzes (20220503011804)
  [1m[36mTRANSACTION (0.1ms)[0m  [1m[36mbegin transaction[0m
  [1m[35m (0.3ms)[0m  [1m[35mALTER TABLE "quizzes" RENAME TO "quizzes"[0m
  [1m[36mTRANSACTION (0.0ms)[0m  [1m[31mrollback transaction[0m
  [1m[35m (0.6ms)[0m  [1m[34mSELECT sqlite_version(*)[0m
  [1m[35m (0.4ms)[0m  [1m[34mSELECT "schema_migrations"."version" FROM "schema_migrations" ORDER BY "schema_migrations"."version" ASC[0m
Migrating to RenameFKinQuestions (20220503012026)
  [1m[36mTRANSACTION (0.1ms)[0m  [1m[36mbegin transaction[0m
  [1m[36mTRANSACTION (0.0ms)[0m  [1m[31mrollback transaction[0m
  [1m[35m (0.6ms)[0m  [1m[34mSELECT sqlite_version(*)[0m
  [1m[35m (0.2ms)[0m  [1m[34mSELECT "schema_migrations"."version" FROM "schema_migrations" ORDER BY "schema_migrations"."version" ASC[0m
Migrating to RenameFKinQuestions (20220503012026)
  [1m[36mTRANSACTION (0.1ms)[0m  [1m[36mbegin transaction[0m
  [1m[35m (0.0ms)[0m  [1m[35mPRAGMA foreign_keys[0m
  [1m[35m (0.0ms)[0m  [1m[35mPRAGMA defer_foreign_keys[0m
  [1m[35m (0.0ms)[0m  [1m[35mPRAGMA defer_foreign_keys = ON[0m
  [1m[35m (0.0ms)[0m  [1m[35mPRAGMA foreign_keys = OFF[0m
  [1m[35m (0.2ms)[0m  [1m[35mCREATE TEMPORARY TABLE "aquestions" ("id" integer NOT NULL PRIMARY KEY, "quiz_id" integer NOT NULL, "name" varchar DEFAULT NULL, "question_type" integer DEFAULT NULL, "required" boolean DEFAULT NULL, "created_at" datetime(6) NOT NULL, "updated_at" datetime(6) NOT NULL)[0m
  [1m[35m (0.1ms)[0m  [1m[35mCREATE INDEX "tindex_aquestions_on_questionnaire_id" ON "aquestions" ("quiz_id")[0m
  [1m[35m (0.1ms)[0m  [1m[32mINSERT INTO "aquestions" ("id","quiz_id","name","question_type","required","created_at","updated_at")
                     SELECT "id","questionnaire_id","name","question_type","required","created_at","updated_at" FROM "questions"[0m
  [1m[35m (1.3ms)[0m  [1m[35mDROP TABLE "questions"[0m
  [1m[35m (0.3ms)[0m  [1m[35mCREATE TABLE "questions" ("id" integer NOT NULL PRIMARY KEY, "quiz_id" integer NOT NULL, "name" varchar DEFAULT NULL, "question_type" integer DEFAULT NULL, "required" boolean DEFAULT NULL, "created_at" datetime(6) NOT NULL, "updated_at" datetime(6) NOT NULL, CONSTRAINT "fk_rails_0238c45a86"
FOREIGN KEY ("quiz_id")
  REFERENCES "questionnaires" ("id")
)[0m
  [1m[35m (0.2ms)[0m  [1m[35mCREATE INDEX "index_questions_on_questionnaire_id" ON "questions" ("quiz_id")[0m
  [1m[35m (0.4ms)[0m  [1m[32mINSERT INTO "questions" ("id","quiz_id","name","question_type","required","created_at","updated_at")
                     SELECT "id","quiz_id","name","question_type","required","created_at","updated_at" FROM "aquestions"[0m
  [1m[35m (0.1ms)[0m  [1m[35mPRAGMA defer_foreign_keys = 0[0m
  [1m[35m (0.1ms)[0m  [1m[35mPRAGMA foreign_keys = 1[0m
  [1m[36mTRANSACTION (8.6ms)[0m  [1m[31mrollback transaction[0m
Started GET "/quizzes" for ::1 at 2022-05-03 02:24:48 +0100
  [1m[35m (0.8ms)[0m  [1m[34mSELECT sqlite_version(*)[0m
  [1m[35m (15.2ms)[0m  [1m[35mCREATE TABLE "schema_migrations" ("version" varchar NOT NULL PRIMARY KEY)[0m
  [1m[35m (9.2ms)[0m  [1m[35mCREATE TABLE "ar_internal_metadata" ("key" varchar NOT NULL PRIMARY KEY, "value" varchar, "created_at" datetime(6) NOT NULL, "updated_at" datetime(6) NOT NULL)[0m
  [1m[35m (0.5ms)[0m  [1m[34mSELECT "schema_migrations"."version" FROM "schema_migrations" ORDER BY "schema_migrations"."version" ASC[0m
  
ActiveRecord::PendingMigrationError (

Migrations are pending. To resolve this issue, run:

        bin/rails db:migrate RAILS_ENV=development

You have 3 pending migrations:

20210502015847_create_questions.rb
20210502015908_create_answers.rb
20220503005907_create_quizzes.rb


):
  
activerecord (6.1.3.1) lib/active_record/migration.rb:625:in `check_pending!'
activerecord (6.1.3.1) lib/active_record/migration.rb:590:in `block (2 levels) in call'
activesupport (6.1.3.1) lib/active_support/evented_file_update_checker.rb:59:in `execute'
activerecord (6.1.3.1) lib/active_record/migration.rb:595:in `block in call'
activerecord (6.1.3.1) lib/active_record/migration.rb:587:in `synchronize'
activerecord (6.1.3.1) lib/active_record/migration.rb:587:in `call'
actionpack (6.1.3.1) lib/action_dispatch/middleware/callbacks.rb:27:in `block in call'
activesupport (6.1.3.1) lib/active_support/callbacks.rb:98:in `run_callbacks'
actionpack (6.1.3.1) lib/action_dispatch/middleware/callbacks.rb:26:in `call'
actionpack (6.1.3.1) lib/action_dispatch/middleware/executor.rb:14:in `call'
actionpack (6.1.3.1) lib/action_dispatch/middleware/actionable_exceptions.rb:18:in `call'
actionpack (6.1.3.1) lib/action_dispatch/middleware/debug_exceptions.rb:29:in `call'
web-console (4.1.0) lib/web_console/middleware.rb:132:in `call_app'
web-console (4.1.0) lib/web_console/middleware.rb:28:in `block in call'
web-console (4.1.0) lib/web_console/middleware.rb:17:in `catch'
web-console (4.1.0) lib/web_console/middleware.rb:17:in `call'
actionpack (6.1.3.1) lib/action_dispatch/middleware/show_exceptions.rb:33:in `call'
railties (6.1.3.1) lib/rails/rack/logger.rb:37:in `call_app'
railties (6.1.3.1) lib/rails/rack/logger.rb:26:in `block in call'
activesupport (6.1.3.1) lib/active_support/tagged_logging.rb:99:in `block in tagged'
activesupport (6.1.3.1) lib/active_support/tagged_logging.rb:37:in `tagged'
activesupport (6.1.3.1) lib/active_support/tagged_logging.rb:99:in `tagged'
railties (6.1.3.1) lib/rails/rack/logger.rb:26:in `call'
sprockets-rails (3.2.2) lib/sprockets/rails/quiet_assets.rb:13:in `call'
actionpack (6.1.3.1) lib/action_dispatch/middleware/remote_ip.rb:81:in `call'
actionpack (6.1.3.1) lib/action_dispatch/middleware/request_id.rb:26:in `call'
rack (2.2.3) lib/rack/method_override.rb:24:in `call'
rack (2.2.3) lib/rack/runtime.rb:22:in `call'
activesupport (6.1.3.1) lib/active_support/cache/strategy/local_cache_middleware.rb:29:in `call'
actionpack (6.1.3.1) lib/action_dispatch/middleware/executor.rb:14:in `call'
actionpack (6.1.3.1) lib/action_dispatch/middleware/static.rb:24:in `call'
rack (2.2.3) lib/rack/sendfile.rb:110:in `call'
actionpack (6.1.3.1) lib/action_dispatch/middleware/host_authorization.rb:98:in `call'
railties (6.1.3.1) lib/rails/engine.rb:539:in `call'
puma (5.2.2) lib/puma/configuration.rb:248:in `call'
puma (5.2.2) lib/puma/request.rb:76:in `block in handle_request'
puma (5.2.2) lib/puma/thread_pool.rb:337:in `with_force_shutdown'
puma (5.2.2) lib/puma/request.rb:75:in `handle_request'
puma (5.2.2) lib/puma/server.rb:431:in `process_client'
puma (5.2.2) lib/puma/thread_pool.rb:145:in `block in spawn_thread'
  [1m[35m (0.8ms)[0m  [1m[34mSELECT sqlite_version(*)[0m
  [1m[35m (0.3ms)[0m  [1m[34mSELECT "schema_migrations"."version" FROM "schema_migrations" ORDER BY "schema_migrations"."version" ASC[0m
Migrating to CreateQuestions (20210502015847)
  [1m[36mTRANSACTION (0.1ms)[0m  [1m[36mbegin transaction[0m
  [1m[35m (1.7ms)[0m  [1m[35mCREATE TABLE "questions" ("id" integer PRIMARY KEY AUTOINCREMENT NOT NULL, "questionnaire_id" integer NOT NULL, "name" varchar, "question_type" integer, "required" boolean, "created_at" datetime(6) NOT NULL, "updated_at" datetime(6) NOT NULL, CONSTRAINT "fk_rails_8c4848c0c5"
FOREIGN KEY ("questionnaire_id")
  REFERENCES "questionnaires" ("id")
)[0m
  [1m[35m (0.9ms)[0m  [1m[35mCREATE INDEX "index_questions_on_questionnaire_id" ON "questions" ("questionnaire_id")[0m
  [1m[36mActiveRecord::SchemaMigration Create (1.1ms)[0m  [1m[32mINSERT INTO "schema_migrations" ("version") VALUES (?)[0m  [["version", "20210502015847"]]
  [1m[36mTRANSACTION (15.1ms)[0m  [1m[36mcommit transaction[0m
Migrating to CreateAnswers (20210502015908)
  [1m[36mTRANSACTION (0.1ms)[0m  [1m[36mbegin transaction[0m
  [1m[35m (2.0ms)[0m  [1m[35mCREATE TABLE "answers" ("id" integer PRIMARY KEY AUTOINCREMENT NOT NULL, "question_id" integer NOT NULL, "name" varchar, "created_at" datetime(6) NOT NULL, "updated_at" datetime(6) NOT NULL, CONSTRAINT "fk_rails_3d5ed4418f"
FOREIGN KEY ("question_id")
  REFERENCES "questions" ("id")
)[0m
  [1m[35m (0.3ms)[0m  [1m[35mCREATE INDEX "index_answers_on_question_id" ON "answers" ("question_id")[0m
  [1m[36mActiveRecord::SchemaMigration Create (0.9ms)[0m  [1m[32mINSERT INTO "schema_migrations" ("version") VALUES (?)[0m  [["version", "20210502015908"]]
  [1m[36mTRANSACTION (16.6ms)[0m  [1m[36mcommit transaction[0m
Migrating to CreateQuizzes (20220503005907)
  [1m[36mTRANSACTION (0.2ms)[0m  [1m[36mbegin transaction[0m
  [1m[35m (6.8ms)[0m  [1m[35mCREATE TABLE "quizzes" ("id" integer PRIMARY KEY AUTOINCREMENT NOT NULL, "name" varchar, "created_at" datetime(6) NOT NULL, "updated_at" datetime(6) NOT NULL)[0m
  [1m[36mActiveRecord::SchemaMigration Create (0.6ms)[0m  [1m[32mINSERT INTO "schema_migrations" ("version") VALUES (?)[0m  [["version", "20220503005907"]]
  [1m[36mTRANSACTION (11.3ms)[0m  [1m[36mcommit transaction[0m
  [1m[36mActiveRecord::InternalMetadata Load (0.6ms)[0m  [1m[34mSELECT "ar_internal_metadata".* FROM "ar_internal_metadata" WHERE "ar_internal_metadata"."key" = ? LIMIT ?[0m  [["key", "environment"], ["LIMIT", 1]]
  [1m[36mTRANSACTION (0.1ms)[0m  [1m[36mbegin transaction[0m
  [1m[36mActiveRecord::InternalMetadata Create (3.8ms)[0m  [1m[32mINSERT INTO "ar_internal_metadata" ("key", "value", "created_at", "updated_at") VALUES (?, ?, ?, ?)[0m  [["key", "environment"], ["value", "development"], ["created_at", "2022-05-03 01:25:11.285613"], ["updated_at", "2022-05-03 01:25:11.285613"]]
  [1m[36mTRANSACTION (16.9ms)[0m  [1m[36mcommit transaction[0m
  [1m[35m (0.2ms)[0m  [1m[34mSELECT sqlite_version(*)[0m
  [1m[35m (0.5ms)[0m  [1m[34mSELECT "schema_migrations"."version" FROM "schema_migrations" ORDER BY "schema_migrations"."version" ASC[0m
Started GET "/quizzes" for ::1 at 2022-05-03 02:26:35 +0100
  [1m[35m (1.0ms)[0m  [1m[34mSELECT sqlite_version(*)[0m
  [1m[35m (0.3ms)[0m  [1m[34mSELECT "schema_migrations"."version" FROM "schema_migrations" ORDER BY "schema_migrations"."version" ASC[0m
Processing by QuizzesController#index as HTML
  Rendering layout layouts/application.html.erb
  Rendering quizzes/index.html.erb within layouts/application
  [1m[36mQuiz Load (0.5ms)[0m  [1m[34mSELECT "quizzes".* FROM "quizzes"[0m
  ↳ app/views/quizzes/index.html.erb:14
  Rendered quizzes/index.html.erb within layouts/application (Duration: 13.0ms | Allocations: 1741)
  Rendered layout layouts/application.html.erb (Duration: 103.4ms | Allocations: 36546)
Completed 200 OK in 135ms (Views: 115.7ms | ActiveRecord: 0.5ms | Allocations: 43872)


Started GET "/quizzes/new" for ::1 at 2022-05-03 02:26:38 +0100
Processing by QuizzesController#new as HTML
  Rendering layout layouts/application.html.erb
  Rendering quizzes/new.html.erb within layouts/application
  Rendered quizzes/_answer_fields.html.erb (Duration: 0.6ms | Allocations: 334)
  Rendered quizzes/_question_fields.html.erb (Duration: 10.9ms | Allocations: 5312)
  Rendered quizzes/_form.html.erb (Duration: 56.9ms | Allocations: 17838)
  Rendered quizzes/new.html.erb within layouts/application (Duration: 63.6ms | Allocations: 18185)
  Rendered layout layouts/application.html.erb (Duration: 92.8ms | Allocations: 32266)
Completed 200 OK in 103ms (Views: 91.3ms | ActiveRecord: 4.8ms | Allocations: 35196)


Started POST "/quizzes" for ::1 at 2022-05-03 02:26:50 +0100
Processing by QuizzesController#create as TURBO_STREAM
  Parameters: {"authenticity_token"=>"[FILTERED]", "quiz"=>{"name"=>"test", "questions_attributes"=>{"1651541199525"=>{"question_type"=>"long_answer", "_destroy"=>"false", "name"=>"whats your name"}}}, "commit"=>"Create Quiz"}
Completed 500 Internal Server Error in 6ms (ActiveRecord: 0.0ms | Allocations: 1913)


  
ActiveModel::UnknownAttributeError (unknown attribute 'quiz_id' for Question.):
  
app/controllers/quizzes_controller.rb:19:in `create'
Started GET "/quizzes/new" for ::1 at 2022-05-03 02:28:22 +0100
Processing by QuizzesController#new as HTML
  [1m[35m (0.1ms)[0m  [1m[34mSELECT sqlite_version(*)[0m
  ↳ app/controllers/quizzes_controller.rb:12:in `new'
  Rendering layout layouts/application.html.erb
  Rendering quizzes/new.html.erb within layouts/application
  Rendered quizzes/_answer_fields.html.erb (Duration: 0.2ms | Allocations: 179)
  Rendered quizzes/_question_fields.html.erb (Duration: 11.4ms | Allocations: 4405)
  Rendered quizzes/_form.html.erb (Duration: 27.7ms | Allocations: 11013)
  Rendered quizzes/new.html.erb within layouts/application (Duration: 30.0ms | Allocations: 11105)
  Rendered layout layouts/application.html.erb (Duration: 75.6ms | Allocations: 24843)
Completed 200 OK in 89ms (Views: 74.4ms | ActiveRecord: 5.1ms | Allocations: 29290)


Started POST "/quizzes" for ::1 at 2022-05-03 02:28:33 +0100
Processing by QuizzesController#create as TURBO_STREAM
  Parameters: {"authenticity_token"=>"[FILTERED]", "quiz"=>{"name"=>"test", "questions_attributes"=>{"1651541303756"=>{"question_type"=>"long_answer", "_destroy"=>"false", "name"=>"whats your name"}}}, "commit"=>"Create Quiz"}
Completed 500 Internal Server Error in 2ms (ActiveRecord: 0.0ms | Allocations: 1324)


  
ActiveModel::UnknownAttributeError (unknown attribute 'quiz_id' for Question.):
  
app/controllers/quizzes_controller.rb:19:in `create'
Started GET "/quizzes/new" for ::1 at 2022-05-03 02:28:52 +0100
Processing by QuizzesController#new as HTML
  [1m[35m (0.1ms)[0m  [1m[34mSELECT sqlite_version(*)[0m
  ↳ app/controllers/quizzes_controller.rb:12:in `new'
  Rendering layout layouts/application.html.erb
  Rendering quizzes/new.html.erb within layouts/application
  Rendered quizzes/_answer_fields.html.erb (Duration: 0.2ms | Allocations: 179)
  Rendered quizzes/_question_fields.html.erb (Duration: 6.8ms | Allocations: 4399)
  Rendered quizzes/_form.html.erb (Duration: 17.4ms | Allocations: 10943)
  Rendered quizzes/new.html.erb within layouts/application (Duration: 20.9ms | Allocations: 11035)
  Rendered layout layouts/application.html.erb (Duration: 53.7ms | Allocations: 24750)
Completed 200 OK in 73ms (Views: 52.3ms | ActiveRecord: 5.0ms | Allocations: 29049)


Started POST "/quizzes" for ::1 at 2022-05-03 02:29:04 +0100
Processing by QuizzesController#create as TURBO_STREAM
  Parameters: {"authenticity_token"=>"[FILTERED]", "quiz"=>{"name"=>"test", "questions_attributes"=>{"1651541333873"=>{"question_type"=>"long_answer", "_destroy"=>"false", "name"=>"whats your name"}}}, "commit"=>"Create Quiz"}
Completed 500 Internal Server Error in 3ms (ActiveRecord: 0.0ms | Allocations: 6639)


  
NameError (uninitialized constant QuizzesController::Questionnaire):
  
app/controllers/quizzes_controller.rb:19:in `create'
Started GET "/quizzes/new" for ::1 at 2022-05-03 02:29:55 +0100
Processing by QuizzesController#new as HTML
  [1m[35m (0.1ms)[0m  [1m[34mSELECT sqlite_version(*)[0m
  ↳ app/controllers/quizzes_controller.rb:12:in `new'
  Rendering layout layouts/application.html.erb
  Rendering quizzes/new.html.erb within layouts/application
  Rendered quizzes/_answer_fields.html.erb (Duration: 0.3ms | Allocations: 179)
  Rendered quizzes/_question_fields.html.erb (Duration: 7.4ms | Allocations: 4399)
  Rendered quizzes/_form.html.erb (Duration: 17.3ms | Allocations: 10947)
  Rendered quizzes/new.html.erb within layouts/application (Duration: 17.9ms | Allocations: 11039)
  Rendered layout layouts/application.html.erb (Duration: 49.3ms | Allocations: 24756)
Completed 200 OK in 63ms (Views: 48.2ms | ActiveRecord: 5.1ms | Allocations: 29064)


Started POST "/quizzes" for ::1 at 2022-05-03 02:30:07 +0100
Processing by QuizzesController#create as TURBO_STREAM
  Parameters: {"authenticity_token"=>"[FILTERED]", "quiz"=>{"name"=>"test", "questions_attributes"=>{"1651541397293"=>{"question_type"=>"long_answer", "_destroy"=>"false", "name"=>"whats your name"}}}, "commit"=>"Create Quiz"}
Completed 500 Internal Server Error in 9ms (ActiveRecord: 0.0ms | Allocations: 16834)


  
NameError (undefined local variable or method `questionnaire_params' for #<QuizzesController:0x0000000bb39dd0>):
  
app/controllers/quizzes_controller.rb:19:in `create'
Started GET "/quizzes/new" for ::1 at 2022-05-03 02:30:31 +0100
Processing by QuizzesController#new as HTML
  [1m[35m (0.1ms)[0m  [1m[34mSELECT sqlite_version(*)[0m
  ↳ app/controllers/quizzes_controller.rb:12:in `new'
  Rendering layout layouts/application.html.erb
  Rendering quizzes/new.html.erb within layouts/application
  Rendered quizzes/_answer_fields.html.erb (Duration: 0.3ms | Allocations: 183)
  Rendered quizzes/_question_fields.html.erb (Duration: 15.0ms | Allocations: 4443)
  Rendered quizzes/_form.html.erb (Duration: 26.5ms | Allocations: 10983)
  Rendered quizzes/new.html.erb within layouts/application (Duration: 30.0ms | Allocations: 11075)
  Rendered layout layouts/application.html.erb (Duration: 61.2ms | Allocations: 24792)
Completed 200 OK in 73ms (Views: 58.9ms | ActiveRecord: 5.4ms | Allocations: 29100)


Started POST "/quizzes" for ::1 at 2022-05-03 02:30:46 +0100
Processing by QuizzesController#create as TURBO_STREAM
  Parameters: {"authenticity_token"=>"[FILTERED]", "quiz"=>{"name"=>"test", "questions_attributes"=>{"1651541433676"=>{"question_type"=>"long_answer", "_destroy"=>"false", "name"=>"whats your name"}}}, "commit"=>"Create Quiz"}
  [1m[36mTRANSACTION (0.1ms)[0m  [1m[36mbegin transaction[0m
  ↳ app/controllers/quizzes_controller.rb:21:in `create'
  [1m[36mQuiz Create (1.4ms)[0m  [1m[32mINSERT INTO "quizzes" ("created_at", "updated_at") VALUES (?, ?)[0m  [["created_at", "2022-05-03 01:30:46.328304"], ["updated_at", "2022-05-03 01:30:46.328304"]]
  ↳ app/controllers/quizzes_controller.rb:21:in `create'
  [1m[36mTRANSACTION (9.0ms)[0m  [1m[36mcommit transaction[0m
  ↳ app/controllers/quizzes_controller.rb:21:in `create'
Redirected to http://localhost:3000/quizzes/1
Completed 302 Found in 20ms (ActiveRecord: 10.4ms | Allocations: 2408)


Started GET "/quizzes/1" for ::1 at 2022-05-03 02:30:46 +0100
Processing by QuizzesController#show as TURBO_STREAM
  Parameters: {"id"=>"1"}
  [1m[36mQuiz Load (0.4ms)[0m  [1m[34mSELECT "quizzes".* FROM "quizzes" WHERE "quizzes"."id" = ? LIMIT ?[0m  [["id", 1], ["LIMIT", 1]]
  ↳ app/controllers/quizzes_controller.rb:44:in `set_quiz'
  Rendering layout layouts/application.html.erb
  Rendering quizzes/show.html.erb within layouts/application
  [1m[36mQuestion Load (1.4ms)[0m  [1m[34mSELECT "questions".* FROM "questions" WHERE "questions"."quiz_id" = ?[0m  [["quiz_id", 1]]
  ↳ app/views/quizzes/show.html.erb:5
  Rendered quizzes/show.html.erb within layouts/application (Duration: 5.8ms | Allocations: 3415)
  Rendered layout layouts/application.html.erb (Duration: 10.0ms | Allocations: 3533)
Completed 500 Internal Server Error in 18ms (ActiveRecord: 1.8ms | Allocations: 5871)


  
ActionView::Template::Error (SQLite3::SQLException: no such column: questions.quiz_id):
    2: 
    3: <h1><%= @quiz.name %></h1>
    4: 
    5: <% @quiz.questions.each do |question| %>
    6:   <h2><%= question.name %></h2>
    7: 
    8:   <% case question.question_type %>
  
app/views/quizzes/show.html.erb:5
Started GET "/quizzes/new" for ::1 at 2022-05-03 02:32:02 +0100
Processing by QuizzesController#new as HTML
  Rendering layout layouts/application.html.erb
  Rendering quizzes/new.html.erb within layouts/application
  Rendered quizzes/_answer_fields.html.erb (Duration: 0.1ms | Allocations: 115)
  Rendered quizzes/_question_fields.html.erb (Duration: 1.0ms | Allocations: 618)
  Rendered quizzes/_form.html.erb (Duration: 3.1ms | Allocations: 1487)
  Rendered quizzes/new.html.erb within layouts/application (Duration: 3.5ms | Allocations: 1579)
  Rendered layout layouts/application.html.erb (Duration: 40.6ms | Allocations: 15295)
Completed 200 OK in 42ms (Views: 41.6ms | ActiveRecord: 0.0ms | Allocations: 15605)


Started POST "/quizzes" for ::1 at 2022-05-03 02:32:15 +0100
Processing by QuizzesController#create as TURBO_STREAM
  Parameters: {"authenticity_token"=>"[FILTERED]", "quiz"=>{"name"=>"test", "questions_attributes"=>{"1651541524258"=>{"question_type"=>"long_answer", "_destroy"=>"false", "name"=>"whats your name"}}}, "commit"=>"Create Quiz"}
  [1m[36mTRANSACTION (0.1ms)[0m  [1m[36mbegin transaction[0m
  ↳ app/controllers/quizzes_controller.rb:21:in `create'
  [1m[36mQuiz Create (2.1ms)[0m  [1m[32mINSERT INTO "quizzes" ("created_at", "updated_at") VALUES (?, ?)[0m  [["created_at", "2022-05-03 01:32:15.164702"], ["updated_at", "2022-05-03 01:32:15.164702"]]
  ↳ app/controllers/quizzes_controller.rb:21:in `create'
  [1m[36mTRANSACTION (5.2ms)[0m  [1m[31mrollback transaction[0m
  ↳ app/controllers/quizzes_controller.rb:21:in `create'
Completed 500 Internal Server Error in 22ms (ActiveRecord: 7.4ms | Allocations: 3809)


  
ActiveRecord::StatementInvalid (SQLite3::SQLException: no such table: quizzes):
  
app/controllers/quizzes_controller.rb:21:in `create'
Started GET "/quizzes" for ::1 at 2022-05-03 17:50:15 +0100
  [1m[35m (22.7ms)[0m  [1m[34mSELECT sqlite_version(*)[0m
  
ActiveRecord::DuplicateMigrationNameError (

Multiple migrations have the name CreateQuizzes.

):
  
activerecord (6.1.3.1) lib/active_record/migration.rb:1353:in `validate'
activerecord (6.1.3.1) lib/active_record/migration.rb:1226:in `initialize'
activerecord (6.1.3.1) lib/active_record/migration.rb:1104:in `new'
activerecord (6.1.3.1) lib/active_record/migration.rb:1104:in `open'
activerecord (6.1.3.1) lib/active_record/migration.rb:156:in `detailed_migration_message'
activerecord (6.1.3.1) lib/active_record/migration.rb:147:in `initialize'
activerecord (6.1.3.1) lib/active_record/migration.rb:625:in `exception'
activerecord (6.1.3.1) lib/active_record/migration.rb:625:in `raise'
activerecord (6.1.3.1) lib/active_record/migration.rb:625:in `check_pending!'
activerecord (6.1.3.1) lib/active_record/migration.rb:590:in `block (2 levels) in call'
activesupport (6.1.3.1) lib/active_support/evented_file_update_checker.rb:59:in `execute'
activerecord (6.1.3.1) lib/active_record/migration.rb:595:in `block in call'
activerecord (6.1.3.1) lib/active_record/migration.rb:587:in `synchronize'
activerecord (6.1.3.1) lib/active_record/migration.rb:587:in `call'
actionpack (6.1.3.1) lib/action_dispatch/middleware/callbacks.rb:27:in `block in call'
activesupport (6.1.3.1) lib/active_support/callbacks.rb:98:in `run_callbacks'
actionpack (6.1.3.1) lib/action_dispatch/middleware/callbacks.rb:26:in `call'
actionpack (6.1.3.1) lib/action_dispatch/middleware/executor.rb:14:in `call'
actionpack (6.1.3.1) lib/action_dispatch/middleware/actionable_exceptions.rb:18:in `call'
actionpack (6.1.3.1) lib/action_dispatch/middleware/debug_exceptions.rb:29:in `call'
web-console (4.1.0) lib/web_console/middleware.rb:132:in `call_app'
web-console (4.1.0) lib/web_console/middleware.rb:28:in `block in call'
web-console (4.1.0) lib/web_console/middleware.rb:17:in `catch'
web-console (4.1.0) lib/web_console/middleware.rb:17:in `call'
actionpack (6.1.3.1) lib/action_dispatch/middleware/show_exceptions.rb:33:in `call'
railties (6.1.3.1) lib/rails/rack/logger.rb:37:in `call_app'
railties (6.1.3.1) lib/rails/rack/logger.rb:26:in `block in call'
activesupport (6.1.3.1) lib/active_support/tagged_logging.rb:99:in `block in tagged'
activesupport (6.1.3.1) lib/active_support/tagged_logging.rb:37:in `tagged'
activesupport (6.1.3.1) lib/active_support/tagged_logging.rb:99:in `tagged'
railties (6.1.3.1) lib/rails/rack/logger.rb:26:in `call'
sprockets-rails (3.2.2) lib/sprockets/rails/quiet_assets.rb:13:in `call'
actionpack (6.1.3.1) lib/action_dispatch/middleware/remote_ip.rb:81:in `call'
actionpack (6.1.3.1) lib/action_dispatch/middleware/request_id.rb:26:in `call'
rack (2.2.3) lib/rack/method_override.rb:24:in `call'
rack (2.2.3) lib/rack/runtime.rb:22:in `call'
activesupport (6.1.3.1) lib/active_support/cache/strategy/local_cache_middleware.rb:29:in `call'
actionpack (6.1.3.1) lib/action_dispatch/middleware/executor.rb:14:in `call'
actionpack (6.1.3.1) lib/action_dispatch/middleware/static.rb:24:in `call'
rack (2.2.3) lib/rack/sendfile.rb:110:in `call'
actionpack (6.1.3.1) lib/action_dispatch/middleware/host_authorization.rb:98:in `call'
railties (6.1.3.1) lib/rails/engine.rb:539:in `call'
puma (5.2.2) lib/puma/configuration.rb:248:in `call'
puma (5.2.2) lib/puma/request.rb:76:in `block in handle_request'
puma (5.2.2) lib/puma/thread_pool.rb:337:in `with_force_shutdown'
puma (5.2.2) lib/puma/request.rb:75:in `handle_request'
puma (5.2.2) lib/puma/server.rb:431:in `process_client'
puma (5.2.2) lib/puma/thread_pool.rb:145:in `block in spawn_thread'
  [1m[35m (2.2ms)[0m  [1m[34mSELECT sqlite_version(*)[0m
  [1m[35m (1.9ms)[0m  [1m[34mSELECT sqlite_version(*)[0m
  [1m[35m (1.9ms)[0m  [1m[34mSELECT sqlite_version(*)[0m
  [1m[35m (2.5ms)[0m  [1m[34mSELECT sqlite_version(*)[0m
  [1m[35m (3.0ms)[0m  [1m[34mSELECT sqlite_version(*)[0m
  [1m[35m (27.1ms)[0m  [1m[35mCREATE TABLE "schema_migrations" ("version" varchar NOT NULL PRIMARY KEY)[0m
  [1m[35m (10.2ms)[0m  [1m[35mCREATE TABLE "ar_internal_metadata" ("key" varchar NOT NULL PRIMARY KEY, "value" varchar, "created_at" datetime(6) NOT NULL, "updated_at" datetime(6) NOT NULL)[0m
  [1m[35m (1.1ms)[0m  [1m[34mSELECT "schema_migrations"."version" FROM "schema_migrations" ORDER BY "schema_migrations"."version" ASC[0m
Migrating to CreateQuizzes (20210502015726)
  [1m[36mTRANSACTION (0.1ms)[0m  [1m[36mbegin transaction[0m
  [1m[35m (3.7ms)[0m  [1m[35mCREATE TABLE "quizzes" ("id" integer PRIMARY KEY AUTOINCREMENT NOT NULL, "name" varchar, "created_at" datetime(6) NOT NULL, "updated_at" datetime(6) NOT NULL)[0m
  [1m[36mActiveRecord::SchemaMigration Create (1.2ms)[0m  [1m[32mINSERT INTO "schema_migrations" ("version") VALUES (?)[0m  [["version", "20210502015726"]]
  [1m[36mTRANSACTION (18.4ms)[0m  [1m[36mcommit transaction[0m
Migrating to CreateQuestions (20210502015847)
  [1m[36mTRANSACTION (0.1ms)[0m  [1m[36mbegin transaction[0m
  [1m[35m (3.2ms)[0m  [1m[35mCREATE TABLE "questions" ("id" integer PRIMARY KEY AUTOINCREMENT NOT NULL, "quiz_id" integer NOT NULL, "name" varchar, "question_type" integer, "required" boolean, "created_at" datetime(6) NOT NULL, "updated_at" datetime(6) NOT NULL, CONSTRAINT "fk_rails_0238c45a86"
FOREIGN KEY ("quiz_id")
  REFERENCES "quizzes" ("id")
)[0m
  [1m[35m (1.7ms)[0m  [1m[35mCREATE INDEX "index_questions_on_quiz_id" ON "questions" ("quiz_id")[0m
  [1m[36mActiveRecord::SchemaMigration Create (0.7ms)[0m  [1m[32mINSERT INTO "schema_migrations" ("version") VALUES (?)[0m  [["version", "20210502015847"]]
  [1m[36mTRANSACTION (20.9ms)[0m  [1m[36mcommit transaction[0m
Migrating to CreateAnswers (20210502015908)
  [1m[36mTRANSACTION (0.1ms)[0m  [1m[36mbegin transaction[0m
  [1m[35m (3.4ms)[0m  [1m[35mCREATE TABLE "answers" ("id" integer PRIMARY KEY AUTOINCREMENT NOT NULL, "question_id" integer NOT NULL, "name" varchar, "created_at" datetime(6) NOT NULL, "updated_at" datetime(6) NOT NULL, CONSTRAINT "fk_rails_3d5ed4418f"
FOREIGN KEY ("question_id")
  REFERENCES "questions" ("id")
)[0m
  [1m[35m (0.8ms)[0m  [1m[35mCREATE INDEX "index_answers_on_question_id" ON "answers" ("question_id")[0m
  [1m[36mActiveRecord::SchemaMigration Create (0.5ms)[0m  [1m[32mINSERT INTO "schema_migrations" ("version") VALUES (?)[0m  [["version", "20210502015908"]]
  [1m[36mTRANSACTION (22.9ms)[0m  [1m[36mcommit transaction[0m
  [1m[36mActiveRecord::InternalMetadata Load (1.3ms)[0m  [1m[34mSELECT "ar_internal_metadata".* FROM "ar_internal_metadata" WHERE "ar_internal_metadata"."key" = ? LIMIT ?[0m  [["key", "environment"], ["LIMIT", 1]]
  [1m[36mTRANSACTION (0.2ms)[0m  [1m[36mbegin transaction[0m
  [1m[36mActiveRecord::InternalMetadata Create (4.3ms)[0m  [1m[32mINSERT INTO "ar_internal_metadata" ("key", "value", "created_at", "updated_at") VALUES (?, ?, ?, ?)[0m  [["key", "environment"], ["value", "development"], ["created_at", "2022-05-03 16:56:19.839263"], ["updated_at", "2022-05-03 16:56:19.839263"]]
  [1m[36mTRANSACTION (9.0ms)[0m  [1m[36mcommit transaction[0m
  [1m[35m (0.2ms)[0m  [1m[34mSELECT sqlite_version(*)[0m
  [1m[35m (1.2ms)[0m  [1m[34mSELECT "schema_migrations"."version" FROM "schema_migrations" ORDER BY "schema_migrations"."version" ASC[0m
  [1m[35m (0.9ms)[0m  [1m[34mSELECT sqlite_version(*)[0m
  [1m[35m (0.5ms)[0m  [1m[34mSELECT "schema_migrations"."version" FROM "schema_migrations" ORDER BY "schema_migrations"."version" ASC[0m
Started GET "/quizzes" for ::1 at 2022-05-03 17:57:23 +0100
  [1m[35m (2.7ms)[0m  [1m[34mSELECT sqlite_version(*)[0m
  [1m[35m (0.9ms)[0m  [1m[34mSELECT "schema_migrations"."version" FROM "schema_migrations" ORDER BY "schema_migrations"."version" ASC[0m
Processing by QuizzesController#index as HTML
  Rendering layout layouts/application.html.erb
  Rendering quizzes/index.html.erb within layouts/application
  [1m[36mQuiz Load (0.7ms)[0m  [1m[34mSELECT "quizzes".* FROM "quizzes"[0m
  ↳ app/views/quizzes/index.html.erb:14
  Rendered quizzes/index.html.erb within layouts/application (Duration: 16.8ms | Allocations: 1206)
  Rendered layout layouts/application.html.erb (Duration: 574.1ms | Allocations: 43064)
Completed 200 OK in 796ms (Views: 609.1ms | ActiveRecord: 0.7ms | Allocations: 51157)


Started GET "/quizzes/new" for ::1 at 2022-05-03 17:57:29 +0100
Processing by QuizzesController#new as HTML
  Rendering layout layouts/application.html.erb
  Rendering quizzes/new.html.erb within layouts/application
  Rendered quizzes/_answer_fields.html.erb (Duration: 2.2ms | Allocations: 334)
  Rendered quizzes/_question_fields.html.erb (Duration: 103.7ms | Allocations: 5318)
  Rendered quizzes/_form.html.erb (Duration: 608.3ms | Allocations: 26795)
  Rendered quizzes/new.html.erb within layouts/application (Duration: 625.4ms | Allocations: 29007)
  Rendered layout layouts/application.html.erb (Duration: 716.2ms | Allocations: 43859)
Completed 200 OK in 747ms (Views: 714.9ms | ActiveRecord: 9.8ms | Allocations: 47588)


Started POST "/quizzes" for ::1 at 2022-05-03 17:57:40 +0100
Processing by QuizzesController#create as TURBO_STREAM
  Parameters: {"authenticity_token"=>"[FILTERED]", "quiz"=>{"name"=>"test", "questions_attributes"=>{"1651597051252"=>{"question_type"=>"single_choice", "_destroy"=>"false", "name"=>"whats your name"}}}, "commit"=>"Create Quiz"}
  [1m[36mTRANSACTION (0.1ms)[0m  [1m[36mbegin transaction[0m
  ↳ app/controllers/quizzes_controller.rb:21:in `create'
  [1m[36mQuiz Create (10.4ms)[0m  [1m[32mINSERT INTO "quizzes" ("created_at", "updated_at") VALUES (?, ?)[0m  [["created_at", "2022-05-03 16:57:40.424050"], ["updated_at", "2022-05-03 16:57:40.424050"]]
  ↳ app/controllers/quizzes_controller.rb:21:in `create'
  [1m[36mTRANSACTION (50.8ms)[0m  [1m[36mcommit transaction[0m
  ↳ app/controllers/quizzes_controller.rb:21:in `create'
Redirected to http://localhost:3000/quizzes/1
Completed 302 Found in 95ms (ActiveRecord: 61.4ms | Allocations: 3980)


Started GET "/quizzes/1" for ::1 at 2022-05-03 17:57:40 +0100
Processing by QuizzesController#show as TURBO_STREAM
  Parameters: {"id"=>"1"}
  [1m[36mQuiz Load (0.9ms)[0m  [1m[34mSELECT "quizzes".* FROM "quizzes" WHERE "quizzes"."id" = ? LIMIT ?[0m  [["id", 1], ["LIMIT", 1]]
  ↳ app/controllers/quizzes_controller.rb:44:in `set_quiz'
  Rendering layout layouts/application.html.erb
  Rendering quizzes/show.html.erb within layouts/application
  [1m[36mQuestion Load (0.9ms)[0m  [1m[34mSELECT "questions".* FROM "questions" WHERE "questions"."quiz_id" = ?[0m  [["quiz_id", 1]]
  ↳ app/views/quizzes/show.html.erb:5
  Rendered quizzes/show.html.erb within layouts/application (Duration: 52.7ms | Allocations: 1926)
  Rendered layout layouts/application.html.erb (Duration: 140.4ms | Allocations: 15638)
Completed 200 OK in 156ms (Views: 141.2ms | ActiveRecord: 1.8ms | Allocations: 16965)


Started GET "/quizzes" for ::1 at 2022-05-03 17:57:43 +0100
Processing by QuizzesController#index as HTML
  Rendering layout layouts/application.html.erb
  Rendering quizzes/index.html.erb within layouts/application
  [1m[36mQuiz Load (1.1ms)[0m  [1m[34mSELECT "quizzes".* FROM "quizzes"[0m
  ↳ app/views/quizzes/index.html.erb:14
  Rendered quizzes/index.html.erb within layouts/application (Duration: 13.2ms | Allocations: 1516)
  Rendered layout layouts/application.html.erb (Duration: 158.9ms | Allocations: 18832)
Completed 200 OK in 165ms (Views: 163.0ms | ActiveRecord: 1.1ms | Allocations: 19645)


Started GET "/quizzes/1" for ::1 at 2022-05-03 17:57:51 +0100
Processing by QuizzesController#show as HTML
  Parameters: {"id"=>"1"}
  [1m[36mQuiz Load (0.5ms)[0m  [1m[34mSELECT "quizzes".* FROM "quizzes" WHERE "quizzes"."id" = ? LIMIT ?[0m  [["id", 1], ["LIMIT", 1]]
  ↳ app/controllers/quizzes_controller.rb:44:in `set_quiz'
  Rendering layout layouts/application.html.erb
  Rendering quizzes/show.html.erb within layouts/application
  [1m[36mQuestion Load (0.5ms)[0m  [1m[34mSELECT "questions".* FROM "questions" WHERE "questions"."quiz_id" = ?[0m  [["quiz_id", 1]]
  ↳ app/views/quizzes/show.html.erb:5
  Rendered quizzes/show.html.erb within layouts/application (Duration: 4.3ms | Allocations: 881)
  Rendered layout layouts/application.html.erb (Duration: 103.6ms | Allocations: 16764)
Completed 200 OK in 116ms (Views: 105.6ms | ActiveRecord: 1.0ms | Allocations: 17926)


Started GET "/quizzes" for ::1 at 2022-05-03 17:57:52 +0100
Processing by QuizzesController#index as HTML
  Rendering layout layouts/application.html.erb
  Rendering quizzes/index.html.erb within layouts/application
  [1m[36mQuiz Load (0.7ms)[0m  [1m[34mSELECT "quizzes".* FROM "quizzes"[0m
  ↳ app/views/quizzes/index.html.erb:14
  Rendered quizzes/index.html.erb within layouts/application (Duration: 4.4ms | Allocations: 833)
  Rendered layout layouts/application.html.erb (Duration: 98.6ms | Allocations: 14496)
Completed 200 OK in 102ms (Views: 100.4ms | ActiveRecord: 0.7ms | Allocations: 14810)


Started GET "/quizzes/1" for ::1 at 2022-05-03 17:57:53 +0100
Processing by QuizzesController#show as HTML
  Parameters: {"id"=>"1"}
  [1m[36mQuiz Load (0.8ms)[0m  [1m[34mSELECT "quizzes".* FROM "quizzes" WHERE "quizzes"."id" = ? LIMIT ?[0m  [["id", 1], ["LIMIT", 1]]
  ↳ app/controllers/quizzes_controller.rb:44:in `set_quiz'
  Rendering layout layouts/application.html.erb
  Rendering quizzes/show.html.erb within layouts/application
  [1m[36mQuestion Load (0.8ms)[0m  [1m[34mSELECT "questions".* FROM "questions" WHERE "questions"."quiz_id" = ?[0m  [["quiz_id", 1]]
  ↳ app/views/quizzes/show.html.erb:5
  Rendered quizzes/show.html.erb within layouts/application (Duration: 5.9ms | Allocations: 894)
  Rendered layout layouts/application.html.erb (Duration: 161.9ms | Allocations: 15892)
Completed 200 OK in 172ms (Views: 164.1ms | ActiveRecord: 1.6ms | Allocations: 16910)


Started GET "/quizzes" for ::1 at 2022-05-03 17:57:54 +0100
Processing by QuizzesController#index as HTML
  Rendering layout layouts/application.html.erb
  Rendering quizzes/index.html.erb within layouts/application
  [1m[36mQuiz Load (0.9ms)[0m  [1m[34mSELECT "quizzes".* FROM "quizzes"[0m
  ↳ app/views/quizzes/index.html.erb:14
  Rendered quizzes/index.html.erb within layouts/application (Duration: 5.7ms | Allocations: 845)
  Rendered layout layouts/application.html.erb (Duration: 80.8ms | Allocations: 14508)
Completed 200 OK in 84ms (Views: 82.7ms | ActiveRecord: 0.9ms | Allocations: 14822)


